#
# There is insufficient memory for the Java Runtime Environment to continue.
# Native memory allocation (mmap) failed to map 268435456 bytes for Failed to commit area from 0x0000000701000000 to 0x0000000711000000 of length 268435456.
# Possible reasons:
#   The system is out of physical RAM or swap space
#   The process is running with CompressedOops enabled, and the Java Heap may be blocking the growth of the native heap
# Possible solutions:
#   Reduce memory load on the system
#   Increase physical memory or swap space
#   Check if swap backing store is full
#   Decrease Java heap size (-Xmx/-Xms)
#   Decrease number of Java threads
#   Decrease Java thread stack sizes (-Xss)
#   Set larger code cache with -XX:ReservedCodeCacheSize=
# This output file may be truncated or incomplete.
#
#  Out of Memory Error (./open/src/hotspot/os/windows/os_windows.cpp:3301), pid=22960, tid=20632
#
# JRE version:  (11.0.27+8) (build )
# Java VM: Java HotSpot(TM) 64-Bit Server VM (11.0.27+8-LTS-232, mixed mode, sharing, tiered, compressed oops, g1 gc, windows-amd64)
# No core dump will be written. Minidumps are not enabled by default on client versions of Windows
#

---------------  S U M M A R Y ------------

Command Line: -Dfile.encoding=UTF-8 -Dstdout.encoding=UTF-8 -Dstderr.encoding=UTF-8 --module-path=C:\Users\Meu Computador\eclipse-workspace\Obra\bin -Djdk.module.main=Obra Obra/fag.Principal

Host: Intel(R) Core(TM) i3-9100F CPU @ 3.60GHz, 4 cores, 15G,  Windows 11 , 64 bit Build 22621 (10.0.22621.5415)
Time: Fri Nov  7 17:14:22 2025 Hora oficial do Brasil elapsed time: 0.017829 seconds (0d 0h 0m 0s)

---------------  T H R E A D  ---------------

Current thread (0x000001cc552ba000):  JavaThread "Unknown thread" [_thread_in_vm, id=20632, stack(0x0000005429500000,0x0000005429600000)]

Stack: [0x0000005429500000,0x0000005429600000]
Native frames: (J=compiled Java code, j=interpreted, Vv=VM code, C=native code)
V  [jvm.dll+0x65887a]
V  [jvm.dll+0x79b47f]
V  [jvm.dll+0x79cb49]
V  [jvm.dll+0x79d1f3]
V  [jvm.dll+0x255975]
V  [jvm.dll+0x655bc9]
V  [jvm.dll+0x64a9c5]
V  [jvm.dll+0x3104ed]
V  [jvm.dll+0x310352]
V  [jvm.dll+0x3150d6]
V  [jvm.dll+0x3586b0]
V  [jvm.dll+0x358122]
V  [jvm.dll+0x2eb5e8]
V  [jvm.dll+0x2ec705]
V  [jvm.dll+0x7749c7]
V  [jvm.dll+0x77624f]
V  [jvm.dll+0x365819]
V  [jvm.dll+0x75907f]
V  [jvm.dll+0x3d7777]
V  [jvm.dll+0x3d98c1]
C  [jli.dll+0x52e7]
C  [ucrtbase.dll+0x29333]
C  [KERNEL32.DLL+0x1259d]
C  [ntdll.dll+0x5af78]


---------------  P R O C E S S  ---------------

Threads class SMR info:
_java_thread_list=0x000001cc551e05d0, length=0, elements={
}

Java Threads: ( => current thread )

Other Threads:
  0x000001cc57547800 GCTaskThread "GC Thread#0" [stack: 0x0000005429600000,0x0000005429700000] [id=20884]
  0x000001cc575a5800 ConcurrentGCThread "G1 Main Marker" [stack: 0x0000005429700000,0x0000005429800000] [id=1952]
  0x000001cc575a7800 ConcurrentGCThread "G1 Conc#0" [stack: 0x0000005429800000,0x0000005429900000] [id=23320]

[error occurred during error reporting (printing all threads), id 0xc0000005, EXCEPTION_ACCESS_VIOLATION (0xc0000005) at pc=0x00007ffd8edbbca7]

VM state:not at safepoint (not fully initialized)

VM Mutex/Monitor currently owned by a thread:  ([mutex/lock_event])
[0x000001cc57534030] Heap_lock - owner thread: 0x000001cc552ba000

Heap address: 0x0000000701000000, size: 4080 MB, Compressed Oops mode: Non-zero based: 0x0000000701000000
Narrow klass base: 0x0000000000000000, Narrow klass shift: 0

GC Heap History (0 events):
No events

Deoptimization events (0 events):
No events

Classes redefined (0 events):
No events

Internal exceptions (0 events):
No events

Events (0 events):
No events


Dynamic libraries:
0x00007ff6b0e00000 - 0x00007ff6b0e10000 	C:\Program Files\Java\jdk-11\bin\javaw.exe
0x00007ffdffc90000 - 0x00007ffdffea8000 	C:\Windows\SYSTEM32\ntdll.dll
0x00007ffdfe980000 - 0x00007ffdfea44000 	C:\Windows\System32\KERNEL32.DLL
0x00007ffdfcd90000 - 0x00007ffdfd163000 	C:\Windows\System32\KERNELBASE.dll
0x00007ffdfd620000 - 0x00007ffdfd731000 	C:\Windows\System32\ucrtbase.dll
0x00007ffdc8e40000 - 0x00007ffdc8e59000 	C:\Program Files\Java\jdk-11\bin\jli.dll
0x00007ffdfdf20000 - 0x00007ffdfdfd1000 	C:\Windows\System32\ADVAPI32.dll
0x00007ffdfdaa0000 - 0x00007ffdfdb47000 	C:\Windows\System32\msvcrt.dll
0x00007ffdff840000 - 0x00007ffdff8e8000 	C:\Windows\System32\sechost.dll
0x00007ffdfcd60000 - 0x00007ffdfcd88000 	C:\Windows\System32\bcrypt.dll
0x00007ffdc8d10000 - 0x00007ffdc8d2b000 	C:\Program Files\Java\jdk-11\bin\VCRUNTIME140.dll
0x00007ffdfdc60000 - 0x00007ffdfdd78000 	C:\Windows\System32\RPCRT4.dll
0x00007ffdfe050000 - 0x00007ffdfe202000 	C:\Windows\System32\USER32.dll
0x00007ffdfd350000 - 0x00007ffdfd376000 	C:\Windows\System32\win32u.dll
0x00007ffdfdd80000 - 0x00007ffdfdda9000 	C:\Windows\System32\GDI32.dll
0x00007ffdfd4f0000 - 0x00007ffdfd613000 	C:\Windows\System32\gdi32full.dll
0x00007ffdfd170000 - 0x00007ffdfd20a000 	C:\Windows\System32\msvcp_win.dll
0x00007ffdf7810000 - 0x00007ffdf781a000 	C:\Windows\SYSTEM32\VERSION.dll
0x00007ffde2970000 - 0x00007ffde2c0c000 	C:\Windows\WinSxS\amd64_microsoft.windows.common-controls_6595b64144ccf1df_6.0.22621.6060_none_2712eda17382d24b\COMCTL32.dll
0x00007ffdfee70000 - 0x00007ffdfeea1000 	C:\Windows\System32\IMM32.DLL
0x00007ffde0620000 - 0x00007ffde062c000 	C:\Program Files\Java\jdk-11\bin\vcruntime140_1.dll
0x00007ffda4130000 - 0x00007ffda41be000 	C:\Program Files\Java\jdk-11\bin\msvcp140.dll
0x00007ffd8eac0000 - 0x00007ffd8f623000 	C:\Program Files\Java\jdk-11\bin\server\jvm.dll
0x00007ffdfe850000 - 0x00007ffdfe858000 	C:\Windows\System32\PSAPI.DLL
0x00007ffdf1210000 - 0x00007ffdf1219000 	C:\Windows\SYSTEM32\WSOCK32.dll
0x00007ffdf2450000 - 0x00007ffdf2484000 	C:\Windows\SYSTEM32\WINMM.dll
0x00007ffdff950000 - 0x00007ffdff9c1000 	C:\Windows\System32\WS2_32.dll
0x00007ffdfbe20000 - 0x00007ffdfbe38000 	C:\Windows\SYSTEM32\kernel.appcore.dll
0x00007ffdd6ff0000 - 0x00007ffdd7000000 	C:\Program Files\Java\jdk-11\bin\verify.dll
0x00007ffdfa500000 - 0x00007ffdfa733000 	C:\Windows\SYSTEM32\DBGHELP.DLL
0x00007ffdfeaa0000 - 0x00007ffdfee32000 	C:\Windows\System32\combase.dll
0x00007ffdfeec0000 - 0x00007ffdfef98000 	C:\Windows\System32\OLEAUT32.dll
0x00007ffdd8050000 - 0x00007ffdd8082000 	C:\Windows\SYSTEM32\dbgcore.DLL
0x00007ffdfd880000 - 0x00007ffdfd8fb000 	C:\Windows\System32\bcryptPrimitives.dll
0x00007ffdc58e0000 - 0x00007ffdc5908000 	C:\Program Files\Java\jdk-11\bin\java.dll
0x00007ffdd6d50000 - 0x00007ffdd6d5a000 	C:\Program Files\Java\jdk-11\bin\jimage.dll
0x00007ffdc8970000 - 0x00007ffdc8987000 	C:\Program Files\Java\jdk-11\bin\zip.dll

dbghelp: loaded successfully - version: 4.0.5 - missing functions: none
symbol engine: initialized successfully - sym options: 0x614 - pdb path: .;C:\Program Files\Java\jdk-11\bin;C:\Windows\SYSTEM32;C:\Windows\WinSxS\amd64_microsoft.windows.common-controls_6595b64144ccf1df_6.0.22621.6060_none_2712eda17382d24b;C:\Program Files\Java\jdk-11\bin\server

VM Arguments:
jvm_args: -Dfile.encoding=UTF-8 -Dstdout.encoding=UTF-8 -Dstderr.encoding=UTF-8 --module-path=C:\Users\Meu Computador\eclipse-workspace\Obra\bin -Djdk.module.main=Obra 
java_command: Obra/fag.Principal
java_class_path (initial): <not set>
Launcher Type: SUN_STANDARD

[Global flags]
     intx CICompilerCount                          = 3                                         {product} {ergonomic}
     uint ConcGCThreads                            = 1                                         {product} {ergonomic}
     uint G1ConcRefinementThreads                  = 4                                         {product} {ergonomic}
   size_t G1HeapRegionSize                         = 1048576                                   {product} {ergonomic}
    uintx GCDrainStackTargetSize                   = 64                                        {product} {ergonomic}
   size_t InitialHeapSize                          = 268435456                                 {product} {ergonomic}
   size_t MarkStackSize                            = 4194304                                   {product} {ergonomic}
   size_t MaxHeapSize                              = 4278190080                                {product} {ergonomic}
   size_t MinHeapDeltaBytes                        = 1048576                                   {product} {ergonomic}
    uintx NonNMethodCodeHeapSize                   = 5830732                                {pd product} {ergonomic}
    uintx NonProfiledCodeHeapSize                  = 122913754                              {pd product} {ergonomic}
    uintx ProfiledCodeHeapSize                     = 122913754                              {pd product} {ergonomic}
    uintx ReservedCodeCacheSize                    = 251658240                              {pd product} {ergonomic}
     bool SegmentedCodeCache                       = true                                      {product} {ergonomic}
     bool UseCompressedClassPointers               = true                                 {lp64_product} {ergonomic}
     bool UseCompressedOops                        = true                                 {lp64_product} {ergonomic}
     bool UseG1GC                                  = true                                      {product} {ergonomic}
     bool UseLargePagesIndividualAllocation        = false                                  {pd product} {ergonomic}

Logging:
Log output configuration:
 #0: stdout all=warning uptime,level,tags
 #1: stderr all=off uptime,level,tags

Environment Variables:
JAVA_HOME=C:\Program Files\Java\jdk-11
PATH=C:/Users/Meu Computador/OneDrive/Desktop/eclipse//plugins/org.eclipse.justj.openjdk.hotspot.jre.full.win32.x86_64_21.0.7.v20250502-0916/jre/bin/server;C:/Users/Meu Computador/OneDrive/Desktop/eclipse//plugins/org.eclipse.justj.openjdk.hotspot.jre.full.win32.x86_64_21.0.7.v20250502-0916/jre/bin;C:\Program Files\Oculus\Support\oculus-runtime;C:\Program Files\Common Files\Oracle\Java\javapath;C:\Program Files (x86)\Common Files\Oracle\Java\java8path;C:\Program Files (x86)\Common Files\Oracle\Java\javapath;C:\Windows\system32;C:\Windows;C:\Windows\System32\Wbem;C:\Windows\System32\WindowsPowerShell\v1.0\;C:\Windows\System32\OpenSSH\;C:\Program Files\Git\cmd;C:\Program Files\dotnet\;C:\Program Files\NVIDIA Corporation\NVIDIA App\NvDLISR;C:\Program Files (x86)\NVIDIA Corporation\PhysX\Common;C:\Users\Meu Computador\AppData\Local\Programs\Python\Python313\Scripts\;C:\Users\Meu Computador\AppData\Local\Programs\Python\Python313\;C:\Users\Meu Computador\AppData\Local\Programs\Python\Launcher\;C:\Users\Meu Computador\AppData\Local\Microsoft\WindowsApps;C:\Users\Meu Computador\AppData\Local\Programs\Microsoft VS Code\bin;C:\Program Files\Java\jdk-11\bin;;C:\Users\Meu Computador\OneDrive\Desktop\eclipse;
USERNAME=Meu Computador
OS=Windows_NT
PROCESSOR_IDENTIFIER=Intel64 Family 6 Model 158 Stepping 10, GenuineIntel



---------------  S Y S T E M  ---------------

OS: Windows 11 , 64 bit Build 22621 (10.0.22621.5415)

CPU:total 4 (initial active 4) (4 cores per cpu, 1 threads per core) family 6 model 158 stepping 10 microcode 0xde, cmov, cx8, fxsr, mmx, sse, sse2, sse3, ssse3, sse4.1, sse4.2, popcnt, avx, avx2, aes, clmul, erms, 3dnowpref, lzcnt, tsc, tscinvbit, bmi1, bmi2, adx, fma

Memory: 4k page, system-wide physical 16319M (7308M free)
TotalPageFile size 20319M (AvailPageFile size 190M)
current process WorkingSet (physical memory assigned to process): 11M, peak: 11M
current process commit charge ("private bytes"): 52M, peak: 308M

vm_info: Java HotSpot(TM) 64-Bit Server VM (11.0.27+8-LTS-232) for windows-amd64 JRE (11.0.27+8-LTS-232), built on Feb 25 2025 06:49:10 by "mach5one" with MS VC++ 17.6 (VS2022)

END.
